x:\softwares\imgui-docking\examples\example_win32_directx11\debug\vc143.pdb
x:\softwares\imgui-docking\examples\example_win32_directx11\debug\vc143.idb
x:\softwares\imgui-docking\examples\example_win32_directx11\debug\main.obj
x:\softwares\imgui-docking\examples\example_win32_directx11\debug\imgui_impl_win32.obj
x:\softwares\imgui-docking\examples\example_win32_directx11\debug\imgui_impl_dx11.obj
x:\softwares\imgui-docking\examples\example_win32_directx11\debug\imgui_widgets.obj
x:\softwares\imgui-docking\examples\example_win32_directx11\debug\imgui_tables.obj
x:\softwares\imgui-docking\examples\example_win32_directx11\debug\imgui_draw.obj
x:\softwares\imgui-docking\examples\example_win32_directx11\debug\imgui_demo.obj
x:\softwares\imgui-docking\examples\example_win32_directx11\debug\imgui.obj
x:\softwares\imgui-docking\examples\example_win32_directx11\debug\example_win32_directx11.ilk
x:\softwares\imgui-docking\examples\example_win32_directx11\debug\example_win32_directx11.exe
x:\softwares\imgui-docking\examples\example_win32_directx11\debug\example_win32_directx11.pdb
x:\softwares\imgui-docking\examples\example_win32_directx11\debug\example_win32_directx11.vcxproj.filelistabsolute.txt
x:\softwares\imgui-docking\examples\example_win32_directx11\debug\example_.9f316e83.tlog\cl.command.1.tlog
x:\softwares\imgui-docking\examples\example_win32_directx11\debug\example_.9f316e83.tlog\cl.read.1.tlog
x:\softwares\imgui-docking\examples\example_win32_directx11\debug\example_.9f316e83.tlog\cl.write.1.tlog
x:\softwares\imgui-docking\examples\example_win32_directx11\debug\example_.9f316e83.tlog\link.command.1.tlog
x:\softwares\imgui-docking\examples\example_win32_directx11\debug\example_.9f316e83.tlog\link.read.1.tlog
x:\softwares\imgui-docking\examples\example_win32_directx11\debug\example_.9f316e83.tlog\link.write.1.tlog
